<?xml version="1.0" encoding="UTF-8"?>
<!-- Generated by org.testng.reporters.JUnitReportReporter -->
<testsuite hostname="DESKTOP-M21FH2C" failures="0" tests="3" name="Practices.DataproviderTest" time="0.015" errors="0" timestamp="2021-12-28T11:26:07 IST" skipped="0">
  <testcase classname="Practices.DataproviderTest" name="readDataFromDataProvider" time="0.002"/>
  <system-out/>
  <testcase classname="Practices.DataproviderTest" name="readDataFromDataProvider" time="0.012"/>
  <system-out/>
  <testcase classname="Practices.DataproviderTest" name="readDataFromDataProvider" time="0.001"/>
  <system-out/>
</testsuite> <!-- Practices.DataproviderTest -->
